Determining if the pthread_create exist failed with the following output:
Change Dir: /home/filipefborba/Insper/supercomp/08-threads-I/build/CMakeFiles/CMakeTmp

Run Build Command:"/usr/bin/make" "cmTC_3b51c/fast"
/usr/bin/make -f CMakeFiles/cmTC_3b51c.dir/build.make CMakeFiles/cmTC_3b51c.dir/build
make[1]: Entering directory '/home/filipefborba/Insper/supercomp/08-threads-I/build/CMakeFiles/CMakeTmp'
Building C object CMakeFiles/cmTC_3b51c.dir/CheckSymbolExists.c.o
/usr/bin/cc    -o CMakeFiles/cmTC_3b51c.dir/CheckSymbolExists.c.o   -c /home/filipefborba/Insper/supercomp/08-threads-I/build/CMakeFiles/CMakeTmp/CheckSymbolExists.c
Linking C executable cmTC_3b51c
/usr/bin/cmake -E cmake_link_script CMakeFiles/cmTC_3b51c.dir/link.txt --verbose=1
/usr/bin/cc      -rdynamic CMakeFiles/cmTC_3b51c.dir/CheckSymbolExists.c.o  -o cmTC_3b51c 
CMakeFiles/cmTC_3b51c.dir/CheckSymbolExists.c.o: In function `main':
CheckSymbolExists.c:(.text+0x1b): undefined reference to `pthread_create'
collect2: error: ld returned 1 exit status
CMakeFiles/cmTC_3b51c.dir/build.make:97: recipe for target 'cmTC_3b51c' failed
make[1]: *** [cmTC_3b51c] Error 1
make[1]: Leaving directory '/home/filipefborba/Insper/supercomp/08-threads-I/build/CMakeFiles/CMakeTmp'
Makefile:126: recipe for target 'cmTC_3b51c/fast' failed
make: *** [cmTC_3b51c/fast] Error 2

File /home/filipefborba/Insper/supercomp/08-threads-I/build/CMakeFiles/CMakeTmp/CheckSymbolExists.c:
/* */
#include <pthread.h>

int main(int argc, char** argv)
{
  (void)argv;
#ifndef pthread_create
  return ((int*)(&pthread_create))[argc];
#else
  (void)argc;
  return 0;
#endif
}

